Determining if the pthread_create exist failed with the following output:
Change Dir: /home/alex/files/projects/GPS-plane-unit/simulation/wp_loader_plugin/build/CMakeFiles/CMakeTmp

Run Build Command:"/usr/bin/make" "cmTC_8c613/fast"
/usr/bin/make -f CMakeFiles/cmTC_8c613.dir/build.make CMakeFiles/cmTC_8c613.dir/build
make[1]: Entering directory '/home/alex/files/projects/GPS-plane-unit/simulation/wp_loader_plugin/build/CMakeFiles/CMakeTmp'
Building C object CMakeFiles/cmTC_8c613.dir/CheckSymbolExists.c.o
/usr/bin/cc    -o CMakeFiles/cmTC_8c613.dir/CheckSymbolExists.c.o   -c /home/alex/files/projects/GPS-plane-unit/simulation/wp_loader_plugin/build/CMakeFiles/CMakeTmp/CheckSymbolExists.c
Linking C executable cmTC_8c613
/usr/bin/cmake -E cmake_link_script CMakeFiles/cmTC_8c613.dir/link.txt --verbose=1
/usr/bin/cc      CMakeFiles/cmTC_8c613.dir/CheckSymbolExists.c.o  -o cmTC_8c613 
CMakeFiles/cmTC_8c613.dir/CheckSymbolExists.c.o: In function `main':
CheckSymbolExists.c:(.text+0x1b): undefined reference to `pthread_create'
collect2: error: ld returned 1 exit status
CMakeFiles/cmTC_8c613.dir/build.make:97: recipe for target 'cmTC_8c613' failed
make[1]: *** [cmTC_8c613] Error 1
make[1]: Leaving directory '/home/alex/files/projects/GPS-plane-unit/simulation/wp_loader_plugin/build/CMakeFiles/CMakeTmp'
Makefile:126: recipe for target 'cmTC_8c613/fast' failed
make: *** [cmTC_8c613/fast] Error 2

File /home/alex/files/projects/GPS-plane-unit/simulation/wp_loader_plugin/build/CMakeFiles/CMakeTmp/CheckSymbolExists.c:
/* */
#include <pthread.h>

int main(int argc, char** argv)
{
  (void)argv;
#ifndef pthread_create
  return ((int*)(&pthread_create))[argc];
#else
  (void)argc;
  return 0;
#endif
}

Determining if the function pthread_create exists in the pthreads failed with the following output:
Change Dir: /home/alex/files/projects/GPS-plane-unit/simulation/wp_loader_plugin/build/CMakeFiles/CMakeTmp

Run Build Command:"/usr/bin/make" "cmTC_725ad/fast"
/usr/bin/make -f CMakeFiles/cmTC_725ad.dir/build.make CMakeFiles/cmTC_725ad.dir/build
make[1]: Entering directory '/home/alex/files/projects/GPS-plane-unit/simulation/wp_loader_plugin/build/CMakeFiles/CMakeTmp'
Building C object CMakeFiles/cmTC_725ad.dir/CheckFunctionExists.c.o
/usr/bin/cc   -DCHECK_FUNCTION_EXISTS=pthread_create   -o CMakeFiles/cmTC_725ad.dir/CheckFunctionExists.c.o   -c /usr/share/cmake-3.10/Modules/CheckFunctionExists.c
Linking C executable cmTC_725ad
/usr/bin/cmake -E cmake_link_script CMakeFiles/cmTC_725ad.dir/link.txt --verbose=1
/usr/bin/cc  -DCHECK_FUNCTION_EXISTS=pthread_create    CMakeFiles/cmTC_725ad.dir/CheckFunctionExists.c.o  -o cmTC_725ad -lpthreads 
/usr/bin/x86_64-linux-gnu-ld: cannot find -lpthreads
collect2: error: ld returned 1 exit status
CMakeFiles/cmTC_725ad.dir/build.make:97: recipe for target 'cmTC_725ad' failed
make[1]: *** [cmTC_725ad] Error 1
make[1]: Leaving directory '/home/alex/files/projects/GPS-plane-unit/simulation/wp_loader_plugin/build/CMakeFiles/CMakeTmp'
Makefile:126: recipe for target 'cmTC_725ad/fast' failed
make: *** [cmTC_725ad/fast] Error 2


